<?xml version="1.0" encoding="UTF-8"?>
<testsuite name="HeroTest" tests="6" skipped="0" failures="0" errors="0" timestamp="2020-04-25T16:29:52" hostname="Alienware" time="0.005">
  <properties/>
  <testcase name="newHero3_getName_String" classname="HeroTest" time="0.002"/>
  <testcase name="newHero_getName_String" classname="HeroTest" time="0.0"/>
  <testcase name="newHero1_fetchName_String" classname="HeroTest" time="0.0"/>
  <testcase name="newHero_getPower_String" classname="HeroTest" time="0.0"/>
  <testcase name="newHero_getAge_Int" classname="HeroTest" time="0.0"/>
  <testcase name="newHero3_getPower_String" classname="HeroTest" time="0.0"/>
  <system-out><![CDATA[]]></system-out>
  <system-err><![CDATA[]]></system-err>
</testsuite>
