<?xml version="1.0" encoding="UTF-8"?>
<testsuite name="HeroTest" tests="4" skipped="0" failures="0" errors="0" timestamp="2020-04-25T09:05:24" hostname="Alienware" time="0.006">
  <properties/>
  <testcase name="newHero_getName_String" classname="HeroTest" time="0.002"/>
  <testcase name="newHero1_getName_String" classname="HeroTest" time="0.0"/>
  <testcase name="newHero_getPower_String" classname="HeroTest" time="0.001"/>
  <testcase name="newHero_getAge_Int" classname="HeroTest" time="0.001"/>
  <system-out><![CDATA[]]></system-out>
  <system-err><![CDATA[]]></system-err>
</testsuite>
