<?xml version="1.0" encoding="UTF-8"?>
<testsuite name="models.SquadTest" tests="4" skipped="0" failures="0" errors="0" timestamp="2020-04-26T21:05:31" hostname="Alienware" time="0.006">
  <properties/>
  <testcase name="maxSizeInstantiatesCorrectly_Integer" classname="models.SquadTest" time="0.003"/>
  <testcase name="addHeroes_addsHeroToHeroList_true" classname="models.SquadTest" time="0.001"/>
  <testcase name="newSquadInstantiatesCorrectly_true" classname="models.SquadTest" time="0.0"/>
  <testcase name="newSquadCauseIsInstantiatedCorrectly_String" classname="models.SquadTest" time="0.001"/>
  <system-out><![CDATA[]]></system-out>
  <system-err><![CDATA[]]></system-err>
</testsuite>
